#
# There is insufficient memory for the Java Runtime Environment to continue.
# Native memory allocation (malloc) failed to allocate 1048576 bytes. Error detail: AllocateHeap
# Possible reasons:
#   The system is out of physical RAM or swap space
#   This process is running with CompressedOops enabled, and the Java Heap may be blocking the growth of the native heap
# Possible solutions:
#   Reduce memory load on the system
#   Increase physical memory or swap space
#   Check if swap backing store is full
#   Decrease Java heap size (-Xmx/-Xms)
#   Decrease number of Java threads
#   Decrease Java thread stack sizes (-Xss)
#   Set larger code cache with -XX:ReservedCodeCacheSize=
#   JVM is running with Unscaled Compressed Oops mode in which the Java heap is
#     placed in the first 4GB address space. The Java Heap base address is the
#     maximum limit for the native heap growth. Please use -XX:HeapBaseMinAddress
#     to set the Java Heap base and to place the Java Heap above 4GB virtual address.
# This output file may be truncated or incomplete.
#
#  Out of Memory Error (allocation.cpp:44), pid=17792, tid=9716
#
# JRE version: OpenJDK Runtime Environment Temurin-21.0.8+9 (21.0.8+9) (build 21.0.8+9-LTS)
# Java VM: OpenJDK 64-Bit Server VM Temurin-21.0.8+9 (21.0.8+9-LTS, mixed mode, sharing, tiered, compressed oops, compressed class ptrs, parallel gc, windows-amd64)
# No core dump will be written. Minidumps are not enabled by default on client versions of Windows
#

---------------  S U M M A R Y ------------

Command Line: --add-modules=ALL-SYSTEM --add-opens=java.base/java.util=ALL-UNNAMED --add-opens=java.base/java.lang=ALL-UNNAMED --add-opens=java.base/sun.nio.fs=ALL-UNNAMED -Declipse.application=org.eclipse.jdt.ls.core.id1 -Dosgi.bundles.defaultStartLevel=4 -Declipse.product=org.eclipse.jdt.ls.core.product -Djava.import.generatesMetadataFilesAtProjectRoot=false -DDetectVMInstallationsJob.disabled=true -Dfile.encoding=utf8 -XX:+UseParallelGC -XX:GCTimeRatio=4 -XX:AdaptiveSizePolicyWeight=90 -Dsun.zip.disableMemoryMapping=true -Xmx2G -Xms100m -Xlog:disable -javaagent:c:\Users\muhammad.yusuf\.vscode\extensions\redhat.java-1.44.0-win32-x64\lombok\lombok-1.18.39-4050.jar -XX:+HeapDumpOnOutOfMemoryError -XX:HeapDumpPath=c:\Users\muhammad.yusuf\AppData\Roaming\Code\User\workspaceStorage\9682c466605ac67ee754cab3908e9ea1\redhat.java -Daether.dependencyCollector.impl=bf c:\Users\muhammad.yusuf\.vscode\extensions\redhat.java-1.44.0-win32-x64\server\plugins\org.eclipse.equinox.launcher_1.7.0.v20250519-0528.jar -configuration c:\Users\muhammad.yusuf\AppData\Roaming\Code\User\globalStorage\redhat.java\1.44.0\config_win -data c:\Users\muhammad.yusuf\AppData\Roaming\Code\User\workspaceStorage\9682c466605ac67ee754cab3908e9ea1\redhat.java\jdt_ws --pipe=\\.\pipe\lsp-5e7d5669b4ba51c35de708acb8f18e0c-sock

Host: 11th Gen Intel(R) Core(TM) i5-1155G7 @ 2.50GHz, 8 cores, 15G,  Windows 11 , 64 bit Build 22621 (10.0.22621.5415)
Time: Sat Aug  2 18:54:54 2025 SE Asia Standard Time elapsed time: 27454.443443 seconds (0d 7h 37m 34s)

---------------  T H R E A D  ---------------

Current thread (0x000002045f606f00):  JavaThread "Attach Listener" daemon [_thread_in_vm, id=9716, stack(0x000000898a700000,0x000000898a800000) (1024K)]

Stack: [0x000000898a700000,0x000000898a800000]
Native frames: (J=compiled Java code, j=interpreted, Vv=VM code, C=native code)
V  [jvm.dll+0x6d2449]
V  [jvm.dll+0x8ae341]
V  [jvm.dll+0x8b08be]
V  [jvm.dll+0x8b0fa3]
V  [jvm.dll+0x280c96]
V  [jvm.dll+0xc0347]
V  [jvm.dll+0x6d2cf9]
V  [jvm.dll+0x131116]
V  [jvm.dll+0x3f2d16]
V  [jvm.dll+0x857e6b]
V  [jvm.dll+0x6d0b0d]
C  [ucrtbase.dll+0x29333]
C  [KERNEL32.DLL+0x1259d]
C  [ntdll.dll+0x5af78]


---------------  P R O C E S S  ---------------

Threads class SMR info:
_java_thread_list=0x0000020466266600, length=35, elements={
0x0000020448b9f1e0, 0x0000020448c5b550, 0x0000020448c5cd50, 0x000002045f603f60,
0x000002045f606f00, 0x000002045f608ac0, 0x000002045f609510, 0x000002045f60a340,
0x000002045f636650, 0x00000204650a47b0, 0x00000204653042f0, 0x0000020465bde800,
0x0000020465b13210, 0x0000020465252720, 0x0000020465251660, 0x000002046505e600,
0x0000020465ca2800, 0x00000204656cfd90, 0x00000204656d0ab0, 0x00000204656d0420,
0x0000020467a5b090, 0x0000020467a61990, 0x0000020467a62020, 0x0000020467a5b720,
0x0000020467a5cad0, 0x0000020467a60c70, 0x0000020467a5d160, 0x0000020467a5d7f0,
0x0000020467a5bdb0, 0x0000020467a61300, 0x0000020467a5c440, 0x0000020467a5de80,
0x00000204697c3650, 0x0000020467a6e480, 0x0000020467586d80
}

Java Threads: ( => current thread )
  0x0000020448b9f1e0 JavaThread "main"                              [_thread_blocked, id=4828, stack(0x000000898a000000,0x000000898a100000) (1024K)]
  0x0000020448c5b550 JavaThread "Reference Handler"          daemon [_thread_blocked, id=19060, stack(0x000000898a400000,0x000000898a500000) (1024K)]
  0x0000020448c5cd50 JavaThread "Finalizer"                  daemon [_thread_blocked, id=11740, stack(0x000000898a500000,0x000000898a600000) (1024K)]
  0x000002045f603f60 JavaThread "Signal Dispatcher"          daemon [_thread_blocked, id=2228, stack(0x000000898a600000,0x000000898a700000) (1024K)]
=>0x000002045f606f00 JavaThread "Attach Listener"            daemon [_thread_in_vm, id=9716, stack(0x000000898a700000,0x000000898a800000) (1024K)]
  0x000002045f608ac0 JavaThread "Service Thread"             daemon [_thread_blocked, id=11500, stack(0x000000898a800000,0x000000898a900000) (1024K)]
  0x000002045f609510 JavaThread "Monitor Deflation Thread"   daemon [_thread_blocked, id=19168, stack(0x000000898a900000,0x000000898aa00000) (1024K)]
  0x000002045f60a340 JavaThread "C2 CompilerThread0"         daemon [_thread_blocked, id=452, stack(0x000000898aa00000,0x000000898ab00000) (1024K)]
  0x000002045f636650 JavaThread "C1 CompilerThread0"         daemon [_thread_blocked, id=2724, stack(0x000000898ab00000,0x000000898ac00000) (1024K)]
  0x00000204650a47b0 JavaThread "Common-Cleaner"             daemon [_thread_blocked, id=18428, stack(0x000000898ac00000,0x000000898ad00000) (1024K)]
  0x00000204653042f0 JavaThread "Notification Thread"        daemon [_thread_blocked, id=12064, stack(0x000000898ad00000,0x000000898ae00000) (1024K)]
  0x0000020465bde800 JavaThread "Active Thread: Equinox Container: 51c299c8-fbda-429e-9e9b-dd51c9398746"        [_thread_blocked, id=20592, stack(0x000000898b600000,0x000000898b700000) (1024K)]
  0x0000020465b13210 JavaThread "Refresh Thread: Equinox Container: 51c299c8-fbda-429e-9e9b-dd51c9398746" daemon [_thread_blocked, id=21268, stack(0x000000898b500000,0x000000898b600000) (1024K)]
  0x0000020465252720 JavaThread "Framework Event Dispatcher: Equinox Container: 51c299c8-fbda-429e-9e9b-dd51c9398746" daemon [_thread_blocked, id=21308, stack(0x000000898b700000,0x000000898b800000) (1024K)]
  0x0000020465251660 JavaThread "Start Level: Equinox Container: 51c299c8-fbda-429e-9e9b-dd51c9398746" daemon [_thread_blocked, id=21312, stack(0x000000898b800000,0x000000898b900000) (1024K)]
  0x000002046505e600 JavaThread "Bundle File Closer"         daemon [_thread_blocked, id=8480, stack(0x000000898b900000,0x000000898ba00000) (1024K)]
  0x0000020465ca2800 JavaThread "SCR Component Actor"        daemon [_thread_blocked, id=2428, stack(0x000000898ba00000,0x000000898bb00000) (1024K)]
  0x00000204656cfd90 JavaThread "Worker-JM"                         [_thread_blocked, id=9604, stack(0x000000898bd00000,0x000000898be00000) (1024K)]
  0x00000204656d0ab0 JavaThread "JNA Cleaner"                daemon [_thread_blocked, id=14028, stack(0x000000898bc00000,0x000000898bd00000) (1024K)]
  0x00000204656d0420 JavaThread "Java indexing"              daemon [_thread_blocked, id=20088, stack(0x000000898c100000,0x000000898c200000) (1024K)]
  0x0000020467a5b090 JavaThread "Thread-2"                   daemon [_thread_in_native, id=7676, stack(0x000000898c900000,0x000000898ca00000) (1024K)]
  0x0000020467a61990 JavaThread "Thread-3"                   daemon [_thread_in_native, id=19540, stack(0x000000898ca00000,0x000000898cb00000) (1024K)]
  0x0000020467a62020 JavaThread "Thread-4"                   daemon [_thread_in_native, id=10336, stack(0x000000898cb00000,0x000000898cc00000) (1024K)]
  0x0000020467a5b720 JavaThread "Thread-5"                   daemon [_thread_in_native, id=1260, stack(0x000000898cc00000,0x000000898cd00000) (1024K)]
  0x0000020467a5cad0 JavaThread "Thread-6"                   daemon [_thread_in_native, id=8556, stack(0x000000898cd00000,0x000000898ce00000) (1024K)]
  0x0000020467a60c70 JavaThread "Thread-7"                   daemon [_thread_in_native, id=2052, stack(0x000000898ce00000,0x000000898cf00000) (1024K)]
  0x0000020467a5d160 JavaThread "Thread-8"                   daemon [_thread_in_native, id=11400, stack(0x000000898cf00000,0x000000898d000000) (1024K)]
  0x0000020467a5d7f0 JavaThread "Thread-9"                   daemon [_thread_in_native, id=7680, stack(0x000000898d000000,0x000000898d100000) (1024K)]
  0x0000020467a5bdb0 JavaThread "Thread-10"                  daemon [_thread_in_native, id=12232, stack(0x000000898d100000,0x000000898d200000) (1024K)]
  0x0000020467a61300 JavaThread "pool-2-thread-1"                   [_thread_blocked, id=14100, stack(0x000000898d200000,0x000000898d300000) (1024K)]
  0x0000020467a5c440 JavaThread "WorkspaceEventsHandler"            [_thread_blocked, id=12184, stack(0x000000898d300000,0x000000898d400000) (1024K)]
  0x0000020467a5de80 JavaThread "pool-1-thread-1"                   [_thread_blocked, id=11124, stack(0x000000898d400000,0x000000898d500000) (1024K)]
  0x00000204697c3650 JavaThread "Timer-0"                           [_thread_blocked, id=15364, stack(0x000000898e900000,0x000000898ea00000) (1024K)]
  0x0000020467a6e480 JavaThread "Worker-8"                          [_thread_blocked, id=3808, stack(0x000000898be00000,0x000000898bf00000) (1024K)]
  0x0000020467586d80 JavaThread "Worker-10"                         [_thread_blocked, id=21444, stack(0x0000008989e00000,0x0000008989f00000) (1024K)]
Total: 35

Other Threads:
  0x0000020448c3e720 VMThread "VM Thread"                           [id=7812, stack(0x000000898a300000,0x000000898a400000) (1024K)]
  0x000002045f51c950 WatcherThread "VM Periodic Task Thread"        [id=14452, stack(0x000000898a200000,0x000000898a300000) (1024K)]
  0x0000020448bbd7b0 WorkerThread "GC Thread#0"                     [id=3396, stack(0x000000898a100000,0x000000898a200000) (1024K)]
  0x00000204655c56c0 WorkerThread "GC Thread#1"                     [id=20552, stack(0x000000898af00000,0x000000898b000000) (1024K)]
  0x0000020465ae8e80 WorkerThread "GC Thread#2"                     [id=20556, stack(0x000000898b000000,0x000000898b100000) (1024K)]
  0x0000020465ae9220 WorkerThread "GC Thread#3"                     [id=20560, stack(0x000000898b100000,0x000000898b200000) (1024K)]
  0x0000020465ab6230 WorkerThread "GC Thread#4"                     [id=20564, stack(0x000000898b200000,0x000000898b300000) (1024K)]
  0x0000020465ab65d0 WorkerThread "GC Thread#5"                     [id=20568, stack(0x000000898b300000,0x000000898b400000) (1024K)]
  0x0000020465ab6970 WorkerThread "GC Thread#6"                     [id=20572, stack(0x000000898b400000,0x000000898b500000) (1024K)]
  0x000002045f60bce0 WorkerThread "GC Thread#7"                     [id=21260, stack(0x000000898ae00000,0x000000898af00000) (1024K)]
Total: 10

Threads with active compile tasks:
Total: 0

VM state: not at safepoint (normal execution)

VM Mutex/Monitor currently owned by a thread: None

Heap address: 0x0000000080000000, size: 2048 MB, Compressed Oops mode: 32-bit

CDS archive(s) mapped at: [0x0000020400000000-0x0000020400ba0000-0x0000020400ba0000), size 12189696, SharedBaseAddress: 0x0000020400000000, ArchiveRelocationMode: 1.
Compressed class space mapped at: 0x0000020401000000-0x0000020441000000, reserved size: 1073741824
Narrow klass base: 0x0000020400000000, Narrow klass shift: 0, Narrow klass range: 0x100000000

GC Precious Log:
 CardTable entry size: 512
 CPUs: 8 total, 8 available
 Memory: 16126M
 Large Page Support: Disabled
 NUMA Support: Disabled
 Compressed Oops: Enabled (32-bit)
 Alignments: Space 512K, Generation 512K, Heap 2M
 Heap Min Capacity: 100M
 Heap Initial Capacity: 100M
 Heap Max Capacity: 2G
 Pre-touch: Disabled
 Parallel Workers: 8

Heap:
 PSYoungGen      total 3584K, used 1394K [0x00000000d5580000, 0x00000000d5c00000, 0x0000000100000000)
  eden space 3072K, 42% used [0x00000000d5580000,0x00000000d56c4aa0,0x00000000d5880000)
  from space 512K, 18% used [0x00000000d5b00000,0x00000000d5b18000,0x00000000d5b80000)
  to   space 512K, 0% used [0x00000000d5b80000,0x00000000d5b80000,0x00000000d5c00000)
 ParOldGen       total 985600K, used 985195K [0x0000000080000000, 0x00000000bc280000, 0x00000000d5580000)
  object space 985600K, 99% used [0x0000000080000000,0x00000000bc21ad90,0x00000000bc280000)
 Metaspace       used 74644K, committed 76096K, reserved 1179648K
  class space    used 7699K, committed 8448K, reserved 1048576K

Card table byte_map: [0x0000020448560000,0x0000020448970000] _byte_map_base: 0x0000020448160000

Marking Bits: (ParMarkBitMap*) 0x00007ff91274a340
 Begin Bits: [0x000002045b040000, 0x000002045d040000)
 End Bits:   [0x000002045d040000, 0x000002045f040000)

Polling page: 0x0000020446a90000

Metaspace:

Usage:
  Non-class:     65.38 MB used.
      Class:      7.52 MB used.
       Both:     72.89 MB used.

Virtual space:
  Non-class space:      128.00 MB reserved,      66.06 MB ( 52%) committed,  2 nodes.
      Class space:        1.00 GB reserved,       8.25 MB ( <1%) committed,  1 nodes.
             Both:        1.12 GB reserved,      74.31 MB (  6%) committed. 

Chunk freelists:
   Non-Class:  13.86 MB
       Class:  7.92 MB
        Both:  21.78 MB

MaxMetaspaceSize: unlimited
CompressedClassSpaceSize: 1.00 GB
Initial GC threshold: 21.00 MB
Current GC threshold: 120.62 MB
CDS: on
 - commit_granule_bytes: 65536.
 - commit_granule_words: 8192.
 - virtual_space_node_default_size: 8388608.
 - enlarge_chunks_in_place: 1.
 - use_allocation_guard: 0.


Internal statistics:

num_allocs_failed_limit: 9.
num_arena_births: 1418.
num_arena_deaths: 414.
num_vsnodes_births: 3.
num_vsnodes_deaths: 0.
num_space_committed: 1189.
num_space_uncommitted: 0.
num_chunks_returned_to_freelist: 448.
num_chunks_taken_from_freelist: 5082.
num_chunk_merges: 123.
num_chunk_splits: 3037.
num_chunks_enlarged: 1827.
num_inconsistent_stats: 0.

CodeHeap 'non-profiled nmethods': size=120000Kb used=26380Kb max_used=26380Kb free=93619Kb
 bounds [0x0000020453860000, 0x0000020455230000, 0x000002045ad90000]
CodeHeap 'profiled nmethods': size=120000Kb used=47139Kb max_used=47139Kb free=72860Kb
 bounds [0x000002044bd90000, 0x000002044eba0000, 0x00000204532c0000]
CodeHeap 'non-nmethods': size=5760Kb used=1456Kb max_used=1572Kb free=4303Kb
 bounds [0x00000204532c0000, 0x0000020453530000, 0x0000020453860000]
CodeCache: size=245760Kb, used=74975Kb, max_used=75091Kb, free=170782Kb
 total_blobs=19272, nmethods=18516, adapters=659, full_count=0
Compilation: enabled, stopped_count=0, restarted_count=0

Compilation events (20 events):
Event: 26649.376 Thread 0x000002045f60a340 20785   !   4       org.eclipse.core.internal.utils.FileUtil::canonicalPath (43 bytes)
Event: 26649.398 Thread 0x000002045f60a340 nmethod 20785 0x000002045521cc10 code [0x000002045521cec0, 0x000002045521dba8]
Event: 26649.398 Thread 0x000002045f60a340 20786       4       org.eclipse.core.internal.utils.FileUtil::canonicalURI (42 bytes)
Event: 26649.422 Thread 0x000002045f60a340 nmethod 20786 0x000002045521e690 code [0x000002045521e940, 0x000002045521f6d0]
Event: 26651.725 Thread 0x000002045f60a340 20787       4       java.io.File::slashify (84 bytes)
Event: 26651.771 Thread 0x000002045f60a340 nmethod 20787 0x0000020455220090 code [0x0000020455220280, 0x0000020455220e40]
Event: 26651.952 Thread 0x000002045f60a340 20788       4       java.net.URI::equals (223 bytes)
Event: 26651.973 Thread 0x000002045f60a340 nmethod 20788 0x0000020455221390 code [0x0000020455221600, 0x0000020455222070]
Event: 26739.613 Thread 0x000002045f60a340 20789       4       com.sun.org.apache.xerces.internal.impl.XMLDocumentScannerImpl::getPropertyDefault (40 bytes)
Event: 26739.614 Thread 0x000002045f636650 20790       3       com.sun.org.apache.xml.internal.serializer.WriterToUTF8Buffered::write (523 bytes)
Event: 26739.615 Thread 0x000002045f636650 nmethod 20790 0x000002044eb95a10 code [0x000002044eb95ca0, 0x000002044eb969c8]
Event: 26739.617 Thread 0x000002045f636650 20791       3       java.io.ObjectOutputStream$BlockDataOutputStream::getUTFLength (124 bytes)
Event: 26739.618 Thread 0x000002045f636650 nmethod 20791 0x000002044eb97090 code [0x000002044eb97280, 0x000002044eb97828]
Event: 26739.618 Thread 0x000002045f636650 20792       3       java.io.ObjectOutputStream$BlockDataOutputStream::writeBytes (144 bytes)
Event: 26739.619 Thread 0x000002045f636650 nmethod 20792 0x000002044eb97a90 code [0x000002044eb97ca0, 0x000002044eb98318]
Event: 26739.620 Thread 0x000002045f60a340 nmethod 20789 0x0000020455222990 code [0x0000020455222b40, 0x0000020455223240]
Event: 26739.648 Thread 0x000002045f636650 20793       3       org.eclipse.jdt.ls.core.internal.handlers.ProgressReporterManager$ProgressReporter::done (9 bytes)
Event: 26739.648 Thread 0x000002045f636650 nmethod 20793 0x000002044eb98610 code [0x000002044eb987c0, 0x000002044eb989b8]
Event: 26739.648 Thread 0x000002045f636650 20794       3       org.eclipse.jdt.ls.core.internal.CancellableProgressMonitor::done (10 bytes)
Event: 26739.648 Thread 0x000002045f636650 nmethod 20794 0x000002044eb98a90 code [0x000002044eb98c40, 0x000002044eb98da8]

GC Heap History (20 events):
Event: 26439.671 GC heap before
{Heap before GC invocations=2582 (full 4):
 PSYoungGen      total 3584K, used 3328K [0x00000000d5580000, 0x00000000d5c00000, 0x0000000100000000)
  eden space 3072K, 100% used [0x00000000d5580000,0x00000000d5880000,0x00000000d5880000)
  from space 512K, 50% used [0x00000000d5b00000,0x00000000d5b40000,0x00000000d5b80000)
  to   space 512K, 0% used [0x00000000d5b80000,0x00000000d5b80000,0x00000000d5c00000)
 ParOldGen       total 985088K, used 984963K [0x0000000080000000, 0x00000000bc200000, 0x00000000d5580000)
  object space 985088K, 99% used [0x0000000080000000,0x00000000bc1e0d90,0x00000000bc200000)
 Metaspace       used 74640K, committed 76096K, reserved 1179648K
  class space    used 7699K, committed 8448K, reserved 1048576K
}
Event: 26439.674 GC heap after
{Heap after GC invocations=2582 (full 4):
 PSYoungGen      total 3584K, used 128K [0x00000000d5580000, 0x00000000d5c00000, 0x0000000100000000)
  eden space 3072K, 0% used [0x00000000d5580000,0x00000000d5580000,0x00000000d5880000)
  from space 512K, 25% used [0x00000000d5b80000,0x00000000d5ba0000,0x00000000d5c00000)
  to   space 512K, 0% used [0x00000000d5b00000,0x00000000d5b00000,0x00000000d5b80000)
 ParOldGen       total 985088K, used 984995K [0x0000000080000000, 0x00000000bc200000, 0x00000000d5580000)
  object space 985088K, 99% used [0x0000000080000000,0x00000000bc1e8d90,0x00000000bc200000)
 Metaspace       used 74640K, committed 76096K, reserved 1179648K
  class space    used 7699K, committed 8448K, reserved 1048576K
}
Event: 26645.288 GC heap before
{Heap before GC invocations=2583 (full 4):
 PSYoungGen      total 3584K, used 3200K [0x00000000d5580000, 0x00000000d5c00000, 0x0000000100000000)
  eden space 3072K, 100% used [0x00000000d5580000,0x00000000d5880000,0x00000000d5880000)
  from space 512K, 25% used [0x00000000d5b80000,0x00000000d5ba0000,0x00000000d5c00000)
  to   space 512K, 0% used [0x00000000d5b00000,0x00000000d5b00000,0x00000000d5b80000)
 ParOldGen       total 985088K, used 984995K [0x0000000080000000, 0x00000000bc200000, 0x00000000d5580000)
  object space 985088K, 99% used [0x0000000080000000,0x00000000bc1e8d90,0x00000000bc200000)
 Metaspace       used 74640K, committed 76096K, reserved 1179648K
  class space    used 7699K, committed 8448K, reserved 1048576K
}
Event: 26645.292 GC heap after
{Heap after GC invocations=2583 (full 4):
 PSYoungGen      total 3584K, used 224K [0x00000000d5580000, 0x00000000d5c00000, 0x0000000100000000)
  eden space 3072K, 0% used [0x00000000d5580000,0x00000000d5580000,0x00000000d5880000)
  from space 512K, 43% used [0x00000000d5b00000,0x00000000d5b38000,0x00000000d5b80000)
  to   space 512K, 0% used [0x00000000d5b80000,0x00000000d5b80000,0x00000000d5c00000)
 ParOldGen       total 985088K, used 985043K [0x0000000080000000, 0x00000000bc200000, 0x00000000d5580000)
  object space 985088K, 99% used [0x0000000080000000,0x00000000bc1f4d90,0x00000000bc200000)
 Metaspace       used 74640K, committed 76096K, reserved 1179648K
  class space    used 7699K, committed 8448K, reserved 1048576K
}
Event: 26649.255 GC heap before
{Heap before GC invocations=2584 (full 4):
 PSYoungGen      total 3584K, used 3296K [0x00000000d5580000, 0x00000000d5c00000, 0x0000000100000000)
  eden space 3072K, 100% used [0x00000000d5580000,0x00000000d5880000,0x00000000d5880000)
  from space 512K, 43% used [0x00000000d5b00000,0x00000000d5b38000,0x00000000d5b80000)
  to   space 512K, 0% used [0x00000000d5b80000,0x00000000d5b80000,0x00000000d5c00000)
 ParOldGen       total 985088K, used 985043K [0x0000000080000000, 0x00000000bc200000, 0x00000000d5580000)
  object space 985088K, 99% used [0x0000000080000000,0x00000000bc1f4d90,0x00000000bc200000)
 Metaspace       used 74640K, committed 76096K, reserved 1179648K
  class space    used 7699K, committed 8448K, reserved 1048576K
}
Event: 26649.257 GC heap after
{Heap after GC invocations=2584 (full 4):
 PSYoungGen      total 3584K, used 192K [0x00000000d5580000, 0x00000000d5c00000, 0x0000000100000000)
  eden space 3072K, 0% used [0x00000000d5580000,0x00000000d5580000,0x00000000d5880000)
  from space 512K, 37% used [0x00000000d5b80000,0x00000000d5bb0000,0x00000000d5c00000)
  to   space 512K, 0% used [0x00000000d5b00000,0x00000000d5b00000,0x00000000d5b80000)
 ParOldGen       total 985600K, used 985091K [0x0000000080000000, 0x00000000bc280000, 0x00000000d5580000)
  object space 985600K, 99% used [0x0000000080000000,0x00000000bc200d90,0x00000000bc280000)
 Metaspace       used 74640K, committed 76096K, reserved 1179648K
  class space    used 7699K, committed 8448K, reserved 1048576K
}
Event: 26649.353 GC heap before
{Heap before GC invocations=2585 (full 4):
 PSYoungGen      total 3584K, used 3264K [0x00000000d5580000, 0x00000000d5c00000, 0x0000000100000000)
  eden space 3072K, 100% used [0x00000000d5580000,0x00000000d5880000,0x00000000d5880000)
  from space 512K, 37% used [0x00000000d5b80000,0x00000000d5bb0000,0x00000000d5c00000)
  to   space 512K, 0% used [0x00000000d5b00000,0x00000000d5b00000,0x00000000d5b80000)
 ParOldGen       total 985600K, used 985091K [0x0000000080000000, 0x00000000bc280000, 0x00000000d5580000)
  object space 985600K, 99% used [0x0000000080000000,0x00000000bc200d90,0x00000000bc280000)
 Metaspace       used 74640K, committed 76096K, reserved 1179648K
  class space    used 7699K, committed 8448K, reserved 1048576K
}
Event: 26649.355 GC heap after
{Heap after GC invocations=2585 (full 4):
 PSYoungGen      total 3584K, used 128K [0x00000000d5580000, 0x00000000d5c00000, 0x0000000100000000)
  eden space 3072K, 0% used [0x00000000d5580000,0x00000000d5580000,0x00000000d5880000)
  from space 512K, 25% used [0x00000000d5b00000,0x00000000d5b20000,0x00000000d5b80000)
  to   space 512K, 0% used [0x00000000d5b80000,0x00000000d5b80000,0x00000000d5c00000)
 ParOldGen       total 985600K, used 985131K [0x0000000080000000, 0x00000000bc280000, 0x00000000d5580000)
  object space 985600K, 99% used [0x0000000080000000,0x00000000bc20ad90,0x00000000bc280000)
 Metaspace       used 74640K, committed 76096K, reserved 1179648K
  class space    used 7699K, committed 8448K, reserved 1048576K
}
Event: 26649.439 GC heap before
{Heap before GC invocations=2586 (full 4):
 PSYoungGen      total 3584K, used 3200K [0x00000000d5580000, 0x00000000d5c00000, 0x0000000100000000)
  eden space 3072K, 100% used [0x00000000d5580000,0x00000000d5880000,0x00000000d5880000)
  from space 512K, 25% used [0x00000000d5b00000,0x00000000d5b20000,0x00000000d5b80000)
  to   space 512K, 0% used [0x00000000d5b80000,0x00000000d5b80000,0x00000000d5c00000)
 ParOldGen       total 985600K, used 985131K [0x0000000080000000, 0x00000000bc280000, 0x00000000d5580000)
  object space 985600K, 99% used [0x0000000080000000,0x00000000bc20ad90,0x00000000bc280000)
 Metaspace       used 74640K, committed 76096K, reserved 1179648K
  class space    used 7699K, committed 8448K, reserved 1048576K
}
Event: 26649.441 GC heap after
{Heap after GC invocations=2586 (full 4):
 PSYoungGen      total 3584K, used 192K [0x00000000d5580000, 0x00000000d5c00000, 0x0000000100000000)
  eden space 3072K, 0% used [0x00000000d5580000,0x00000000d5580000,0x00000000d5880000)
  from space 512K, 37% used [0x00000000d5b80000,0x00000000d5bb0000,0x00000000d5c00000)
  to   space 512K, 0% used [0x00000000d5b00000,0x00000000d5b00000,0x00000000d5b80000)
 ParOldGen       total 985600K, used 985131K [0x0000000080000000, 0x00000000bc280000, 0x00000000d5580000)
  object space 985600K, 99% used [0x0000000080000000,0x00000000bc20ad90,0x00000000bc280000)
 Metaspace       used 74640K, committed 76096K, reserved 1179648K
  class space    used 7699K, committed 8448K, reserved 1048576K
}
Event: 26651.600 GC heap before
{Heap before GC invocations=2587 (full 4):
 PSYoungGen      total 3584K, used 3264K [0x00000000d5580000, 0x00000000d5c00000, 0x0000000100000000)
  eden space 3072K, 100% used [0x00000000d5580000,0x00000000d5880000,0x00000000d5880000)
  from space 512K, 37% used [0x00000000d5b80000,0x00000000d5bb0000,0x00000000d5c00000)
  to   space 512K, 0% used [0x00000000d5b00000,0x00000000d5b00000,0x00000000d5b80000)
 ParOldGen       total 985600K, used 985131K [0x0000000080000000, 0x00000000bc280000, 0x00000000d5580000)
  object space 985600K, 99% used [0x0000000080000000,0x00000000bc20ad90,0x00000000bc280000)
 Metaspace       used 74640K, committed 76096K, reserved 1179648K
  class space    used 7699K, committed 8448K, reserved 1048576K
}
Event: 26651.603 GC heap after
{Heap after GC invocations=2587 (full 4):
 PSYoungGen      total 3584K, used 160K [0x00000000d5580000, 0x00000000d5c00000, 0x0000000100000000)
  eden space 3072K, 0% used [0x00000000d5580000,0x00000000d5580000,0x00000000d5880000)
  from space 512K, 31% used [0x00000000d5b00000,0x00000000d5b28000,0x00000000d5b80000)
  to   space 512K, 0% used [0x00000000d5b80000,0x00000000d5b80000,0x00000000d5c00000)
 ParOldGen       total 985600K, used 985131K [0x0000000080000000, 0x00000000bc280000, 0x00000000d5580000)
  object space 985600K, 99% used [0x0000000080000000,0x00000000bc20ad90,0x00000000bc280000)
 Metaspace       used 74640K, committed 76096K, reserved 1179648K
  class space    used 7699K, committed 8448K, reserved 1048576K
}
Event: 26651.780 GC heap before
{Heap before GC invocations=2588 (full 4):
 PSYoungGen      total 3584K, used 3232K [0x00000000d5580000, 0x00000000d5c00000, 0x0000000100000000)
  eden space 3072K, 100% used [0x00000000d5580000,0x00000000d5880000,0x00000000d5880000)
  from space 512K, 31% used [0x00000000d5b00000,0x00000000d5b28000,0x00000000d5b80000)
  to   space 512K, 0% used [0x00000000d5b80000,0x00000000d5b80000,0x00000000d5c00000)
 ParOldGen       total 985600K, used 985131K [0x0000000080000000, 0x00000000bc280000, 0x00000000d5580000)
  object space 985600K, 99% used [0x0000000080000000,0x00000000bc20ad90,0x00000000bc280000)
 Metaspace       used 74640K, committed 76096K, reserved 1179648K
  class space    used 7699K, committed 8448K, reserved 1048576K
}
Event: 26651.782 GC heap after
{Heap after GC invocations=2588 (full 4):
 PSYoungGen      total 3584K, used 192K [0x00000000d5580000, 0x00000000d5c00000, 0x0000000100000000)
  eden space 3072K, 0% used [0x00000000d5580000,0x00000000d5580000,0x00000000d5880000)
  from space 512K, 37% used [0x00000000d5b80000,0x00000000d5bb0000,0x00000000d5c00000)
  to   space 512K, 0% used [0x00000000d5b00000,0x00000000d5b00000,0x00000000d5b80000)
 ParOldGen       total 985600K, used 985195K [0x0000000080000000, 0x00000000bc280000, 0x00000000d5580000)
  object space 985600K, 99% used [0x0000000080000000,0x00000000bc21ad90,0x00000000bc280000)
 Metaspace       used 74640K, committed 76096K, reserved 1179648K
  class space    used 7699K, committed 8448K, reserved 1048576K
}
Event: 26651.881 GC heap before
{Heap before GC invocations=2589 (full 4):
 PSYoungGen      total 3584K, used 3264K [0x00000000d5580000, 0x00000000d5c00000, 0x0000000100000000)
  eden space 3072K, 100% used [0x00000000d5580000,0x00000000d5880000,0x00000000d5880000)
  from space 512K, 37% used [0x00000000d5b80000,0x00000000d5bb0000,0x00000000d5c00000)
  to   space 512K, 0% used [0x00000000d5b00000,0x00000000d5b00000,0x00000000d5b80000)
 ParOldGen       total 985600K, used 985195K [0x0000000080000000, 0x00000000bc280000, 0x00000000d5580000)
  object space 985600K, 99% used [0x0000000080000000,0x00000000bc21ad90,0x00000000bc280000)
 Metaspace       used 74640K, committed 76096K, reserved 1179648K
  class space    used 7699K, committed 8448K, reserved 1048576K
}
Event: 26651.884 GC heap after
{Heap after GC invocations=2589 (full 4):
 PSYoungGen      total 3584K, used 128K [0x00000000d5580000, 0x00000000d5c00000, 0x0000000100000000)
  eden space 3072K, 0% used [0x00000000d5580000,0x00000000d5580000,0x00000000d5880000)
  from space 512K, 25% used [0x00000000d5b00000,0x00000000d5b20000,0x00000000d5b80000)
  to   space 512K, 0% used [0x00000000d5b80000,0x00000000d5b80000,0x00000000d5c00000)
 ParOldGen       total 985600K, used 985195K [0x0000000080000000, 0x00000000bc280000, 0x00000000d5580000)
  object space 985600K, 99% used [0x0000000080000000,0x00000000bc21ad90,0x00000000bc280000)
 Metaspace       used 74640K, committed 76096K, reserved 1179648K
  class space    used 7699K, committed 8448K, reserved 1048576K
}
Event: 26651.969 GC heap before
{Heap before GC invocations=2590 (full 4):
 PSYoungGen      total 3584K, used 3200K [0x00000000d5580000, 0x00000000d5c00000, 0x0000000100000000)
  eden space 3072K, 100% used [0x00000000d5580000,0x00000000d5880000,0x00000000d5880000)
  from space 512K, 25% used [0x00000000d5b00000,0x00000000d5b20000,0x00000000d5b80000)
  to   space 512K, 0% used [0x00000000d5b80000,0x00000000d5b80000,0x00000000d5c00000)
 ParOldGen       total 985600K, used 985195K [0x0000000080000000, 0x00000000bc280000, 0x00000000d5580000)
  object space 985600K, 99% used [0x0000000080000000,0x00000000bc21ad90,0x00000000bc280000)
 Metaspace       used 74640K, committed 76096K, reserved 1179648K
  class space    used 7699K, committed 8448K, reserved 1048576K
}
Event: 26651.972 GC heap after
{Heap after GC invocations=2590 (full 4):
 PSYoungGen      total 3584K, used 96K [0x00000000d5580000, 0x00000000d5c00000, 0x0000000100000000)
  eden space 3072K, 0% used [0x00000000d5580000,0x00000000d5580000,0x00000000d5880000)
  from space 512K, 18% used [0x00000000d5b80000,0x00000000d5b98000,0x00000000d5c00000)
  to   space 512K, 0% used [0x00000000d5b00000,0x00000000d5b00000,0x00000000d5b80000)
 ParOldGen       total 985600K, used 985195K [0x0000000080000000, 0x00000000bc280000, 0x00000000d5580000)
  object space 985600K, 99% used [0x0000000080000000,0x00000000bc21ad90,0x00000000bc280000)
 Metaspace       used 74640K, committed 76096K, reserved 1179648K
  class space    used 7699K, committed 8448K, reserved 1048576K
}
Event: 26652.042 GC heap before
{Heap before GC invocations=2591 (full 4):
 PSYoungGen      total 3584K, used 3168K [0x00000000d5580000, 0x00000000d5c00000, 0x0000000100000000)
  eden space 3072K, 100% used [0x00000000d5580000,0x00000000d5880000,0x00000000d5880000)
  from space 512K, 18% used [0x00000000d5b80000,0x00000000d5b98000,0x00000000d5c00000)
  to   space 512K, 0% used [0x00000000d5b00000,0x00000000d5b00000,0x00000000d5b80000)
 ParOldGen       total 985600K, used 985195K [0x0000000080000000, 0x00000000bc280000, 0x00000000d5580000)
  object space 985600K, 99% used [0x0000000080000000,0x00000000bc21ad90,0x00000000bc280000)
 Metaspace       used 74640K, committed 76096K, reserved 1179648K
  class space    used 7699K, committed 8448K, reserved 1048576K
}
Event: 26652.045 GC heap after
{Heap after GC invocations=2591 (full 4):
 PSYoungGen      total 3584K, used 96K [0x00000000d5580000, 0x00000000d5c00000, 0x0000000100000000)
  eden space 3072K, 0% used [0x00000000d5580000,0x00000000d5580000,0x00000000d5880000)
  from space 512K, 18% used [0x00000000d5b00000,0x00000000d5b18000,0x00000000d5b80000)
  to   space 512K, 0% used [0x00000000d5b80000,0x00000000d5b80000,0x00000000d5c00000)
 ParOldGen       total 985600K, used 985195K [0x0000000080000000, 0x00000000bc280000, 0x00000000d5580000)
  object space 985600K, 99% used [0x0000000080000000,0x00000000bc21ad90,0x00000000bc280000)
 Metaspace       used 74640K, committed 76096K, reserved 1179648K
  class space    used 7699K, committed 8448K, reserved 1048576K
}

Dll operation events (13 events):
Event: 0.026 Loaded shared library c:\Users\muhammad.yusuf\.vscode\extensions\redhat.java-1.44.0-win32-x64\jre\21.0.8-win32-x86_64\bin\java.dll
Event: 0.202 Loaded shared library c:\Users\muhammad.yusuf\.vscode\extensions\redhat.java-1.44.0-win32-x64\jre\21.0.8-win32-x86_64\bin\zip.dll
Event: 0.243 Loaded shared library C:\Users\muhammad.yusuf\.vscode\extensions\redhat.java-1.44.0-win32-x64\jre\21.0.8-win32-x86_64\bin\instrument.dll
Event: 0.251 Loaded shared library C:\Users\muhammad.yusuf\.vscode\extensions\redhat.java-1.44.0-win32-x64\jre\21.0.8-win32-x86_64\bin\net.dll
Event: 0.264 Loaded shared library C:\Users\muhammad.yusuf\.vscode\extensions\redhat.java-1.44.0-win32-x64\jre\21.0.8-win32-x86_64\bin\nio.dll
Event: 0.271 Loaded shared library C:\Users\muhammad.yusuf\.vscode\extensions\redhat.java-1.44.0-win32-x64\jre\21.0.8-win32-x86_64\bin\zip.dll
Event: 0.315 Loaded shared library C:\Users\muhammad.yusuf\.vscode\extensions\redhat.java-1.44.0-win32-x64\jre\21.0.8-win32-x86_64\bin\jimage.dll
Event: 0.537 Loaded shared library c:\Users\muhammad.yusuf\.vscode\extensions\redhat.java-1.44.0-win32-x64\jre\21.0.8-win32-x86_64\bin\verify.dll
Event: 11.737 Loaded shared library C:\Users\muhammad.yusuf\AppData\Roaming\Code\User\globalStorage\redhat.java\1.44.0\config_win\org.eclipse.equinox.launcher\org.eclipse.equinox.launcher.win32.win32.x86_64_1.2.1400.v20250730-1736\eclipse_11913.dll
Event: 31.478 Loaded shared library C:\Users\muhammad.yusuf\AppData\Local\Temp\jna-942425374\jna1001375740734111997.dll
Event: 96.326 Loaded shared library C:\Users\muhammad.yusuf\.gradle\native\1def1411415f61bf3af743bc5b6707747c0891f09f0c88961ee8f79bc544acac\windows-amd64\native-platform.dll
Event: 113.452 Loaded shared library C:\Users\muhammad.yusuf\.vscode\extensions\redhat.java-1.44.0-win32-x64\jre\21.0.8-win32-x86_64\bin\management.dll
Event: 113.457 Loaded shared library C:\Users\muhammad.yusuf\.vscode\extensions\redhat.java-1.44.0-win32-x64\jre\21.0.8-win32-x86_64\bin\management_ext.dll

Deoptimization events (20 events):
Event: 26011.055 Thread 0x0000020467a5c440 DEOPT PACKING pc=0x00000204551eaa60 sp=0x000000898d3fdfb0
Event: 26011.055 Thread 0x0000020467a5c440 DEOPT UNPACKING pc=0x0000020453316da2 sp=0x000000898d3fdf50 mode 2
Event: 26011.055 Thread 0x0000020467a5c440 Uncommon trap: trap_request=0xffffffd6 fr.pc=0x00000204551eaa60 relative=0x0000000000001080
Event: 26011.055 Thread 0x0000020467a5c440 Uncommon trap: reason=array_check action=maybe_recompile pc=0x00000204551eaa60 method=org.eclipse.jdt.internal.core.DeltaProcessor.traverseDelta(Lorg/eclipse/core/resources/IResourceDelta;ILorg/eclipse/jdt/internal/core/DeltaProcessor$RootInfo;Lorg/eclips
Event: 26011.055 Thread 0x0000020467a5c440 DEOPT PACKING pc=0x00000204551eaa60 sp=0x000000898d3fe0c0
Event: 26011.055 Thread 0x0000020467a5c440 DEOPT UNPACKING pc=0x0000020453316da2 sp=0x000000898d3fe060 mode 2
Event: 26011.055 Thread 0x0000020467a5c440 Uncommon trap: trap_request=0xffffffd6 fr.pc=0x00000204551eaa60 relative=0x0000000000001080
Event: 26011.055 Thread 0x0000020467a5c440 Uncommon trap: reason=array_check action=maybe_recompile pc=0x00000204551eaa60 method=org.eclipse.jdt.internal.core.DeltaProcessor.traverseDelta(Lorg/eclipse/core/resources/IResourceDelta;ILorg/eclipse/jdt/internal/core/DeltaProcessor$RootInfo;Lorg/eclips
Event: 26011.055 Thread 0x0000020467a5c440 DEOPT PACKING pc=0x00000204551eaa60 sp=0x000000898d3fe1d0
Event: 26011.055 Thread 0x0000020467a5c440 DEOPT UNPACKING pc=0x0000020453316da2 sp=0x000000898d3fe170 mode 2
Event: 26011.055 Thread 0x0000020467a5c440 Uncommon trap: trap_request=0xffffffd6 fr.pc=0x00000204551eaa60 relative=0x0000000000001080
Event: 26011.055 Thread 0x0000020467a5c440 Uncommon trap: reason=array_check action=maybe_recompile pc=0x00000204551eaa60 method=org.eclipse.jdt.internal.core.DeltaProcessor.traverseDelta(Lorg/eclipse/core/resources/IResourceDelta;ILorg/eclipse/jdt/internal/core/DeltaProcessor$RootInfo;Lorg/eclips
Event: 26011.055 Thread 0x0000020467a5c440 DEOPT PACKING pc=0x00000204551eaa60 sp=0x000000898d3fe2e0
Event: 26011.055 Thread 0x0000020467a5c440 DEOPT UNPACKING pc=0x0000020453316da2 sp=0x000000898d3fe280 mode 2
Event: 26011.055 Thread 0x0000020467a5c440 Uncommon trap: trap_request=0xffffffd6 fr.pc=0x00000204551eaa60 relative=0x0000000000001080
Event: 26011.055 Thread 0x0000020467a5c440 Uncommon trap: reason=array_check action=maybe_recompile pc=0x00000204551eaa60 method=org.eclipse.jdt.internal.core.DeltaProcessor.traverseDelta(Lorg/eclipse/core/resources/IResourceDelta;ILorg/eclipse/jdt/internal/core/DeltaProcessor$RootInfo;Lorg/eclips
Event: 26011.055 Thread 0x0000020467a5c440 DEOPT PACKING pc=0x00000204551eaa60 sp=0x000000898d3fe3f0
Event: 26011.055 Thread 0x0000020467a5c440 DEOPT UNPACKING pc=0x0000020453316da2 sp=0x000000898d3fe3b8 mode 2
Event: 27306.173 Thread 0x00000204697c3650 DEOPT PACKING pc=0x000002044ea2af23 sp=0x000000898e9ff260
Event: 27306.173 Thread 0x00000204697c3650 DEOPT UNPACKING pc=0x00000204533178e2 sp=0x000000898e9fe748 mode 0

Classes loaded (20 events):
Event: 1557.039 Loading class java/lang/Throwable$WrappedPrintWriter
Event: 1557.040 Loading class java/lang/Throwable$PrintStreamOrWriter
Event: 1557.044 Loading class java/lang/Throwable$PrintStreamOrWriter done
Event: 1557.044 Loading class java/lang/Throwable$WrappedPrintWriter done
Event: 2194.196 Loading class java/lang/UnsupportedClassVersionError
Event: 2194.196 Loading class java/lang/UnsupportedClassVersionError done
Event: 2194.694 Loading class java/util/ImmutableCollections$SubList
Event: 2194.696 Loading class java/util/ImmutableCollections$SubList done
Event: 5276.049 Loading class java/util/AbstractList$RandomAccessSubList
Event: 5276.051 Loading class java/util/AbstractList$SubList
Event: 5276.052 Loading class java/util/AbstractList$SubList done
Event: 5276.053 Loading class java/util/AbstractList$RandomAccessSubList done
Event: 5276.053 Loading class java/util/AbstractList$SubList$1
Event: 5276.053 Loading class java/util/AbstractList$SubList$1 done
Event: 5276.132 Loading class java/nio/charset/CharacterCodingException
Event: 5276.132 Loading class java/nio/charset/CharacterCodingException done
Event: 5276.133 Loading class java/io/SequenceInputStream
Event: 5276.133 Loading class java/io/SequenceInputStream done
Event: 10790.154 Loading class jdk/internal/math/FDBigInteger
Event: 10790.156 Loading class jdk/internal/math/FDBigInteger done

Classes unloaded (20 events):
Event: 10777.154 Thread 0x0000020448c3e720 Unloading class 0x0000020401016400 'java/lang/invoke/LambdaForm$MH+0x0000020401016400'
Event: 10777.154 Thread 0x0000020448c3e720 Unloading class 0x000002040100d800 'java/lang/invoke/LambdaForm$MH+0x000002040100d800'
Event: 10777.154 Thread 0x0000020448c3e720 Unloading class 0x000002040100d400 'java/lang/invoke/LambdaForm$MH+0x000002040100d400'
Event: 10777.154 Thread 0x0000020448c3e720 Unloading class 0x000002040100d000 'java/lang/invoke/LambdaForm$MH+0x000002040100d000'
Event: 10777.154 Thread 0x0000020448c3e720 Unloading class 0x000002040100cc00 'java/lang/invoke/LambdaForm$MH+0x000002040100cc00'
Event: 10777.154 Thread 0x0000020448c3e720 Unloading class 0x000002040100c800 'java/lang/invoke/LambdaForm$BMH+0x000002040100c800'
Event: 10777.154 Thread 0x0000020448c3e720 Unloading class 0x000002040100c000 'java/lang/invoke/LambdaForm$DMH+0x000002040100c000'
Event: 10777.154 Thread 0x0000020448c3e720 Unloading class 0x0000020401008c00 'java/lang/invoke/LambdaForm$MH+0x0000020401008c00'
Event: 10777.154 Thread 0x0000020448c3e720 Unloading class 0x0000020401008800 'java/lang/invoke/LambdaForm$MH+0x0000020401008800'
Event: 10777.154 Thread 0x0000020448c3e720 Unloading class 0x0000020401008400 'java/lang/invoke/LambdaForm$MH+0x0000020401008400'
Event: 10777.155 Thread 0x0000020448c3e720 Unloading class 0x0000020401007000 'java/lang/invoke/LambdaForm$MH+0x0000020401007000'
Event: 10777.155 Thread 0x0000020448c3e720 Unloading class 0x0000020401006800 'java/lang/invoke/LambdaForm$MH+0x0000020401006800'
Event: 10777.155 Thread 0x0000020448c3e720 Unloading class 0x0000020401006400 'java/lang/invoke/LambdaForm$MH+0x0000020401006400'
Event: 10777.155 Thread 0x0000020448c3e720 Unloading class 0x0000020401006000 'java/lang/invoke/LambdaForm$MH+0x0000020401006000'
Event: 10777.155 Thread 0x0000020448c3e720 Unloading class 0x0000020401005c00 'java/lang/invoke/LambdaForm$BMH+0x0000020401005c00'
Event: 10777.155 Thread 0x0000020448c3e720 Unloading class 0x0000020401004800 'java/lang/invoke/LambdaForm$DMH+0x0000020401004800'
Event: 10777.155 Thread 0x0000020448c3e720 Unloading class 0x0000020401002400 'java/lang/invoke/LambdaForm$MH+0x0000020401002400'
Event: 10777.155 Thread 0x0000020448c3e720 Unloading class 0x0000020401002000 'java/lang/invoke/LambdaForm$MH+0x0000020401002000'
Event: 10777.155 Thread 0x0000020448c3e720 Unloading class 0x0000020401001800 'java/lang/invoke/LambdaForm$MH+0x0000020401001800'
Event: 10777.155 Thread 0x0000020448c3e720 Unloading class 0x0000020401000400 'java/lang/invoke/LambdaForm$MH+0x0000020401000400'

Classes redefined (0 events):
No events

Internal exceptions (20 events):
Event: 10824.869 Thread 0x0000020467a74060 Exception <a 'java/lang/NullPointerException'{0x00000000d56a4688}> (0x00000000d56a4688) 
thrown [s\src\hotspot\share\runtime\sharedRuntime.cpp, line 625]
Event: 10826.768 Thread 0x00000204656d0420 Exception <a 'sun/nio/fs/WindowsException'{0x00000000d572b8d8}> (0x00000000d572b8d8) 
thrown [s\src\hotspot\share\prims\jni.cpp, line 520]
Event: 10827.833 Thread 0x00000204656d17d0 Exception <a 'sun/nio/fs/WindowsException'{0x00000000d55b7ac8}> (0x00000000d55b7ac8) 
thrown [s\src\hotspot\share\prims\jni.cpp, line 520]
Event: 10827.834 Thread 0x00000204656d17d0 Exception <a 'sun/nio/fs/WindowsException'{0x00000000d55b80f8}> (0x00000000d55b80f8) 
thrown [s\src\hotspot\share\prims\jni.cpp, line 520]
Event: 10828.276 Thread 0x00000204656d0420 Exception <a 'sun/nio/fs/WindowsException'{0x00000000d55ddcf8}> (0x00000000d55ddcf8) 
thrown [s\src\hotspot\share\prims\jni.cpp, line 520]
Event: 10829.823 Thread 0x00000204656d0420 Implicit null exception at 0x000002044d0fa61b to 0x000002044d0fde7b
Event: 10829.823 Thread 0x00000204656d0420 Exception <a 'java/lang/NullPointerException'{0x00000000d565a3b0}> (0x00000000d565a3b0) 
thrown [s\src\hotspot\share\runtime\sharedRuntime.cpp, line 625]
Event: 10829.823 Thread 0x00000204656d0420 Implicit null exception at 0x000002044d0fa61b to 0x000002044d0fde7b
Event: 10829.823 Thread 0x00000204656d0420 Exception <a 'java/lang/NullPointerException'{0x00000000d565fd20}> (0x00000000d565fd20) 
thrown [s\src\hotspot\share\runtime\sharedRuntime.cpp, line 625]
Event: 10829.831 Thread 0x00000204656d0420 Implicit null exception at 0x000002044d0fa61b to 0x000002044d0fde7b
Event: 10829.831 Thread 0x00000204656d0420 Exception <a 'java/lang/NullPointerException'{0x00000000d5821290}> (0x00000000d5821290) 
thrown [s\src\hotspot\share\runtime\sharedRuntime.cpp, line 625]
Event: 23498.021 Thread 0x0000020467a5c440 Implicit null exception at 0x0000020454fca3ed to 0x0000020454fcb254
Event: 25485.631 Thread 0x0000020467a5c440 Implicit null exception at 0x0000020453b5614a to 0x0000020453b56458
Event: 25726.262 Thread 0x0000020467a5c440 Exception <a 'sun/nio/fs/WindowsException'{0x00000000d56cea70}> (0x00000000d56cea70) 
thrown [s\src\hotspot\share\prims\jni.cpp, line 520]
Event: 25728.606 Thread 0x00000204656d0420 Exception <a 'sun/nio/fs/WindowsException'{0x00000000d56394f0}> (0x00000000d56394f0) 
thrown [s\src\hotspot\share\prims\jni.cpp, line 520]
Event: 25729.278 Thread 0x00000204656d0420 Exception <a 'sun/nio/fs/WindowsException'{0x00000000d56b03e0}> (0x00000000d56b03e0) 
thrown [s\src\hotspot\share\prims\jni.cpp, line 520]
Event: 25749.587 Thread 0x0000020467a5c440 Exception <a 'sun/nio/fs/WindowsException'{0x00000000d55f7ca8}> (0x00000000d55f7ca8) 
thrown [s\src\hotspot\share\prims\jni.cpp, line 520]
Event: 25761.794 Thread 0x00000204656d0420 Implicit null exception at 0x0000020454929674 to 0x000002045492bf8c
Event: 25762.106 Thread 0x00000204656d0420 Exception <a 'sun/nio/fs/WindowsException'{0x00000000d5681d50}> (0x00000000d5681d50) 
thrown [s\src\hotspot\share\prims\jni.cpp, line 520]
Event: 25763.685 Thread 0x00000204656d0420 Exception <a 'sun/nio/fs/WindowsException'{0x00000000d57c7d00}> (0x00000000d57c7d00) 
thrown [s\src\hotspot\share\prims\jni.cpp, line 520]

ZGC Phase Switch (0 events):
No events

VM Operations (20 events):
Event: 27117.664 Executing VM operation: HandshakeAllThreads (HandshakeForDeflation)
Event: 27117.664 Executing VM operation: HandshakeAllThreads (HandshakeForDeflation) done
Event: 27117.664 Executing VM operation: RendezvousGCThreads
Event: 27117.664 Executing VM operation: RendezvousGCThreads done
Event: 27177.815 Executing VM operation: HandshakeAllThreads (HandshakeForDeflation)
Event: 27177.815 Executing VM operation: HandshakeAllThreads (HandshakeForDeflation) done
Event: 27177.815 Executing VM operation: RendezvousGCThreads
Event: 27177.815 Executing VM operation: RendezvousGCThreads done
Event: 27298.108 Executing VM operation: HandshakeAllThreads (HandshakeForDeflation)
Event: 27298.108 Executing VM operation: HandshakeAllThreads (HandshakeForDeflation) done
Event: 27298.108 Executing VM operation: RendezvousGCThreads
Event: 27298.108 Executing VM operation: RendezvousGCThreads done
Event: 27358.275 Executing VM operation: HandshakeAllThreads (HandshakeForDeflation)
Event: 27358.275 Executing VM operation: HandshakeAllThreads (HandshakeForDeflation) done
Event: 27358.275 Executing VM operation: RendezvousGCThreads
Event: 27358.275 Executing VM operation: RendezvousGCThreads done
Event: 27418.295 Executing VM operation: HandshakeAllThreads (HandshakeForDeflation)
Event: 27418.295 Executing VM operation: HandshakeAllThreads (HandshakeForDeflation) done
Event: 27418.295 Executing VM operation: RendezvousGCThreads
Event: 27418.295 Executing VM operation: RendezvousGCThreads done

Memory protections (0 events):
No events

Nmethod flushes (20 events):
Event: 10777.495 Thread 0x0000020448c3e720 flushing  nmethod 0x000002044d3e5e10
Event: 10777.495 Thread 0x0000020448c3e720 flushing  nmethod 0x000002044d3e9c90
Event: 10777.495 Thread 0x0000020448c3e720 flushing  nmethod 0x000002044d3eda10
Event: 10777.495 Thread 0x0000020448c3e720 flushing  nmethod 0x000002044d3f0690
Event: 10777.495 Thread 0x0000020448c3e720 flushing  nmethod 0x000002044d3f5890
Event: 10777.495 Thread 0x0000020448c3e720 flushing  nmethod 0x000002044d3fbe90
Event: 10777.495 Thread 0x0000020448c3e720 flushing  nmethod 0x000002044d3fc990
Event: 10777.495 Thread 0x0000020448c3e720 flushing  nmethod 0x000002044d3fd710
Event: 10777.495 Thread 0x0000020448c3e720 flushing  nmethod 0x000002044d3fdb90
Event: 10777.495 Thread 0x0000020448c3e720 flushing  nmethod 0x000002044d3ff990
Event: 10777.495 Thread 0x0000020448c3e720 flushing  nmethod 0x000002044d400190
Event: 10777.495 Thread 0x0000020448c3e720 flushing  nmethod 0x000002044d41c790
Event: 10777.495 Thread 0x0000020448c3e720 flushing  nmethod 0x000002044d43d090
Event: 10777.495 Thread 0x0000020448c3e720 flushing  nmethod 0x000002044d43d390
Event: 10777.495 Thread 0x0000020448c3e720 flushing  nmethod 0x000002044d48d210
Event: 10777.495 Thread 0x0000020448c3e720 flushing  nmethod 0x000002044d4a9d90
Event: 10777.495 Thread 0x0000020448c3e720 flushing  nmethod 0x000002044d4dfa90
Event: 10777.495 Thread 0x0000020448c3e720 flushing  nmethod 0x000002044d511b90
Event: 10777.495 Thread 0x0000020448c3e720 flushing  nmethod 0x000002044d512a10
Event: 10777.495 Thread 0x0000020448c3e720 flushing  nmethod 0x000002044d519990

Events (20 events):
Event: 11243.726 Thread 0x0000020467a70be0 Thread exited: 0x0000020467a70be0
Event: 11303.728 Thread 0x0000020467a72cb0 Thread exited: 0x0000020467a72cb0
Event: 23796.689 Thread 0x00000204656d1140 Thread added: 0x000002046758c960
Event: 23796.691 Thread 0x000002046758c960 Thread exited: 0x000002046758c960
Event: 25726.943 Thread 0x0000020467a6e480 Thread added: 0x00000204675894e0
Event: 25727.426 Thread 0x0000020467a6e480 Thread added: 0x000002046758c2d0
Event: 25749.829 Thread 0x00000204656d1140 Thread added: 0x000002046758af20
Event: 25784.709 Thread 0x00000204656d1140 Thread added: 0x000002046758a200
Event: 25784.711 Thread 0x000002046758a200 Thread exited: 0x000002046758a200
Event: 25809.974 Thread 0x000002046758c2d0 Thread exited: 0x000002046758c2d0
Event: 25979.105 Thread 0x0000020467a6e480 Thread added: 0x0000020467586d80
Event: 25982.511 Thread 0x00000204656d1140 Thread exited: 0x00000204656d1140
Event: 26027.048 Thread 0x00000204675894e0 Thread exited: 0x00000204675894e0
Event: 26042.285 Thread 0x0000020467a6e480 Thread added: 0x000002046758c2d0
Event: 26049.919 Thread 0x000002046758af20 Thread exited: 0x000002046758af20
Event: 26138.895 Thread 0x000002046758c2d0 Thread exited: 0x000002046758c2d0
Event: 26255.863 Thread 0x0000020467586d80 Thread added: 0x00000204675894e0
Event: 26255.863 Thread 0x00000204675894e0 Thread exited: 0x00000204675894e0
Event: 26739.616 Thread 0x0000020467586d80 Thread added: 0x000002046758c2d0
Event: 26739.616 Thread 0x000002046758c2d0 Thread exited: 0x000002046758c2d0


Dynamic libraries:
0x00007ff7afda0000 - 0x00007ff7afdae000 	c:\Users\muhammad.yusuf\.vscode\extensions\redhat.java-1.44.0-win32-x64\jre\21.0.8-win32-x86_64\bin\java.exe
0x00007ff9bc410000 - 0x00007ff9bc627000 	C:\Windows\SYSTEM32\ntdll.dll
0x00007ff9bbf20000 - 0x00007ff9bbfe4000 	C:\Windows\System32\KERNEL32.DLL
0x00007ff9b95f0000 - 0x00007ff9b99c2000 	C:\Windows\System32\KERNELBASE.dll
0x00007ff9b9b70000 - 0x00007ff9b9c81000 	C:\Windows\System32\ucrtbase.dll
0x00007ff9659f0000 - 0x00007ff965a08000 	c:\Users\muhammad.yusuf\.vscode\extensions\redhat.java-1.44.0-win32-x64\jre\21.0.8-win32-x86_64\bin\jli.dll
0x00007ff9bad00000 - 0x00007ff9baeb1000 	C:\Windows\System32\USER32.dll
0x00007ff9b9b40000 - 0x00007ff9b9b66000 	C:\Windows\System32\win32u.dll
0x00007ff9bacd0000 - 0x00007ff9bacf9000 	C:\Windows\System32\GDI32.dll
0x00007ff9b9c90000 - 0x00007ff9b9db3000 	C:\Windows\System32\gdi32full.dll
0x00007ff9659d0000 - 0x00007ff9659ee000 	c:\Users\muhammad.yusuf\.vscode\extensions\redhat.java-1.44.0-win32-x64\jre\21.0.8-win32-x86_64\bin\VCRUNTIME140.dll
0x00007ff9b94d0000 - 0x00007ff9b956a000 	C:\Windows\System32\msvcp_win.dll
0x00007ff9a5e10000 - 0x00007ff9a60ab000 	C:\Windows\WinSxS\amd64_microsoft.windows.common-controls_6595b64144ccf1df_6.0.22621.5547_none_27104afb73855772\COMCTL32.dll
0x00007ff9bc050000 - 0x00007ff9bc0f7000 	C:\Windows\System32\msvcrt.dll
0x00007ff9bbff0000 - 0x00007ff9bc021000 	C:\Windows\System32\IMM32.DLL
0x00007ff9b4720000 - 0x00007ff9b472c000 	c:\Users\muhammad.yusuf\.vscode\extensions\redhat.java-1.44.0-win32-x64\jre\21.0.8-win32-x86_64\bin\vcruntime140_1.dll
0x00007ff9653b0000 - 0x00007ff96543d000 	c:\Users\muhammad.yusuf\.vscode\extensions\redhat.java-1.44.0-win32-x64\jre\21.0.8-win32-x86_64\bin\msvcp140.dll
0x00007ff911a90000 - 0x00007ff912827000 	c:\Users\muhammad.yusuf\.vscode\extensions\redhat.java-1.44.0-win32-x64\jre\21.0.8-win32-x86_64\bin\server\jvm.dll
0x00007ff9bc230000 - 0x00007ff9bc2e1000 	C:\Windows\System32\ADVAPI32.dll
0x00007ff9bc180000 - 0x00007ff9bc228000 	C:\Windows\System32\sechost.dll
0x00007ff9b9e80000 - 0x00007ff9b9ea8000 	C:\Windows\System32\bcrypt.dll
0x00007ff9baa00000 - 0x00007ff9bab14000 	C:\Windows\System32\RPCRT4.dll
0x00007ff9ba0b0000 - 0x00007ff9ba121000 	C:\Windows\System32\WS2_32.dll
0x00007ff9b8d40000 - 0x00007ff9b8d8d000 	C:\Windows\SYSTEM32\POWRPROF.dll
0x00007ff9b4830000 - 0x00007ff9b4864000 	C:\Windows\SYSTEM32\WINMM.dll
0x00007ff9b4e10000 - 0x00007ff9b4e1a000 	C:\Windows\SYSTEM32\VERSION.dll
0x00007ff9b8d10000 - 0x00007ff9b8d23000 	C:\Windows\SYSTEM32\UMPDC.dll
0x00007ff9b84c0000 - 0x00007ff9b84d8000 	C:\Windows\SYSTEM32\kernel.appcore.dll
0x00007ff9af060000 - 0x00007ff9af06a000 	c:\Users\muhammad.yusuf\.vscode\extensions\redhat.java-1.44.0-win32-x64\jre\21.0.8-win32-x86_64\bin\jimage.dll
0x00007ff9b6d40000 - 0x00007ff9b6f73000 	C:\Windows\SYSTEM32\DBGHELP.DLL
0x00007ff9bb940000 - 0x00007ff9bbcd3000 	C:\Windows\System32\combase.dll
0x00007ff9bbce0000 - 0x00007ff9bbdb7000 	C:\Windows\System32\OLEAUT32.dll
0x00007ff99ee50000 - 0x00007ff99ee82000 	C:\Windows\SYSTEM32\dbgcore.DLL
0x00007ff9b9eb0000 - 0x00007ff9b9f2b000 	C:\Windows\System32\bcryptPrimitives.dll
0x00007ff99e210000 - 0x00007ff99e21f000 	c:\Users\muhammad.yusuf\.vscode\extensions\redhat.java-1.44.0-win32-x64\jre\21.0.8-win32-x86_64\bin\instrument.dll
0x00007ff965950000 - 0x00007ff96596f000 	c:\Users\muhammad.yusuf\.vscode\extensions\redhat.java-1.44.0-win32-x64\jre\21.0.8-win32-x86_64\bin\java.dll
0x00007ff9baf30000 - 0x00007ff9bb7d2000 	C:\Windows\System32\SHELL32.dll
0x00007ff9b9f30000 - 0x00007ff9ba06f000 	C:\Windows\System32\wintypes.dll
0x00007ff9b7310000 - 0x00007ff9b7c2d000 	C:\Windows\SYSTEM32\windows.storage.dll
0x00007ff9bbdc0000 - 0x00007ff9bbecc000 	C:\Windows\System32\SHCORE.dll
0x00007ff9bb840000 - 0x00007ff9bb8a9000 	C:\Windows\System32\shlwapi.dll
0x00007ff9b9400000 - 0x00007ff9b942b000 	C:\Windows\SYSTEM32\profapi.dll
0x00007ff965610000 - 0x00007ff965628000 	c:\Users\muhammad.yusuf\.vscode\extensions\redhat.java-1.44.0-win32-x64\jre\21.0.8-win32-x86_64\bin\zip.dll
0x00007ff99e510000 - 0x00007ff99e520000 	C:\Users\muhammad.yusuf\.vscode\extensions\redhat.java-1.44.0-win32-x64\jre\21.0.8-win32-x86_64\bin\net.dll
0x00007ff9b5da0000 - 0x00007ff9b5ecc000 	C:\Windows\SYSTEM32\WINHTTP.dll
0x00007ff9b8930000 - 0x00007ff9b8999000 	C:\Windows\system32\mswsock.dll
0x00007ff9655f0000 - 0x00007ff965606000 	C:\Users\muhammad.yusuf\.vscode\extensions\redhat.java-1.44.0-win32-x64\jre\21.0.8-win32-x86_64\bin\nio.dll
0x00007ff99db80000 - 0x00007ff99db90000 	c:\Users\muhammad.yusuf\.vscode\extensions\redhat.java-1.44.0-win32-x64\jre\21.0.8-win32-x86_64\bin\verify.dll
0x00007ff9655a0000 - 0x00007ff9655e5000 	C:\Users\muhammad.yusuf\AppData\Roaming\Code\User\globalStorage\redhat.java\1.44.0\config_win\org.eclipse.equinox.launcher\org.eclipse.equinox.launcher.win32.win32.x86_64_1.2.1400.v20250730-1736\eclipse_11913.dll
0x00007ff9bab20000 - 0x00007ff9bacc0000 	C:\Windows\System32\ole32.dll
0x00007ff9b8c90000 - 0x00007ff9b8cab000 	C:\Windows\SYSTEM32\CRYPTSP.dll
0x00007ff9b8420000 - 0x00007ff9b8457000 	C:\Windows\system32\rsaenh.dll
0x00007ff9b89d0000 - 0x00007ff9b89f8000 	C:\Windows\SYSTEM32\USERENV.dll
0x00007ff9b8c00000 - 0x00007ff9b8c0c000 	C:\Windows\SYSTEM32\CRYPTBASE.dll
0x00007ff9b7d50000 - 0x00007ff9b7d7d000 	C:\Windows\SYSTEM32\IPHLPAPI.DLL
0x00007ff9bacc0000 - 0x00007ff9bacc9000 	C:\Windows\System32\NSI.dll
0x00007ff9849b0000 - 0x00007ff9849f9000 	C:\Users\muhammad.yusuf\AppData\Local\Temp\jna-942425374\jna1001375740734111997.dll
0x00007ff9bc040000 - 0x00007ff9bc048000 	C:\Windows\System32\PSAPI.DLL
0x00007ff9b5870000 - 0x00007ff9b5889000 	C:\Windows\SYSTEM32\dhcpcsvc6.DLL
0x00007ff9b5850000 - 0x00007ff9b586f000 	C:\Windows\SYSTEM32\dhcpcsvc.DLL
0x00007ff916350000 - 0x00007ff916377000 	C:\Users\muhammad.yusuf\.gradle\native\1def1411415f61bf3af743bc5b6707747c0891f09f0c88961ee8f79bc544acac\windows-amd64\native-platform.dll
0x00007ff99d3c0000 - 0x00007ff99d3ca000 	C:\Users\muhammad.yusuf\.vscode\extensions\redhat.java-1.44.0-win32-x64\jre\21.0.8-win32-x86_64\bin\management.dll
0x00007ff972350000 - 0x00007ff97235b000 	C:\Users\muhammad.yusuf\.vscode\extensions\redhat.java-1.44.0-win32-x64\jre\21.0.8-win32-x86_64\bin\management_ext.dll

JVMTI agents:
c:\Users\muhammad.yusuf\.vscode\extensions\redhat.java-1.44.0-win32-x64\lombok\lombok-1.18.39-4050.jar path:c:\Users\muhammad.yusuf\.vscode\extensions\redhat.java-1.44.0-win32-x64\jre\21.0.8-win32-x86_64\bin\instrument.dll, loaded, initialized, instrumentlib options:none

dbghelp: loaded successfully - version: 4.0.5 - missing functions: none
symbol engine: initialized successfully - sym options: 0x614 - pdb path: .;c:\Users\muhammad.yusuf\.vscode\extensions\redhat.java-1.44.0-win32-x64\jre\21.0.8-win32-x86_64\bin;C:\Windows\SYSTEM32;C:\Windows\WinSxS\amd64_microsoft.windows.common-controls_6595b64144ccf1df_6.0.22621.5547_none_27104afb73855772;c:\Users\muhammad.yusuf\.vscode\extensions\redhat.java-1.44.0-win32-x64\jre\21.0.8-win32-x86_64\bin\server;C:\Users\muhammad.yusuf\AppData\Roaming\Code\User\globalStorage\redhat.java\1.44.0\config_win\org.eclipse.equinox.launcher\org.eclipse.equinox.launcher.win32.win32.x86_64_1.2.1400.v20250730-1736;C:\Users\muhammad.yusuf\AppData\Local\Temp\jna-942425374;C:\Users\muhammad.yusuf\.gradle\native\1def1411415f61bf3af743bc5b6707747c0891f09f0c88961ee8f79bc544acac\windows-amd64

VM Arguments:
jvm_args: --add-modules=ALL-SYSTEM --add-opens=java.base/java.util=ALL-UNNAMED --add-opens=java.base/java.lang=ALL-UNNAMED --add-opens=java.base/sun.nio.fs=ALL-UNNAMED -Declipse.application=org.eclipse.jdt.ls.core.id1 -Dosgi.bundles.defaultStartLevel=4 -Declipse.product=org.eclipse.jdt.ls.core.product -Djava.import.generatesMetadataFilesAtProjectRoot=false -DDetectVMInstallationsJob.disabled=true -Dfile.encoding=utf8 -XX:+UseParallelGC -XX:GCTimeRatio=4 -XX:AdaptiveSizePolicyWeight=90 -Dsun.zip.disableMemoryMapping=true -Xmx2G -Xms100m -Xlog:disable -javaagent:c:\Users\muhammad.yusuf\.vscode\extensions\redhat.java-1.44.0-win32-x64\lombok\lombok-1.18.39-4050.jar -XX:+HeapDumpOnOutOfMemoryError -XX:HeapDumpPath=c:\Users\muhammad.yusuf\AppData\Roaming\Code\User\workspaceStorage\9682c466605ac67ee754cab3908e9ea1\redhat.java -Daether.dependencyCollector.impl=bf 
java_command: c:\Users\muhammad.yusuf\.vscode\extensions\redhat.java-1.44.0-win32-x64\server\plugins\org.eclipse.equinox.launcher_1.7.0.v20250519-0528.jar -configuration c:\Users\muhammad.yusuf\AppData\Roaming\Code\User\globalStorage\redhat.java\1.44.0\config_win -data c:\Users\muhammad.yusuf\AppData\Roaming\Code\User\workspaceStorage\9682c466605ac67ee754cab3908e9ea1\redhat.java\jdt_ws --pipe=\\.\pipe\lsp-5e7d5669b4ba51c35de708acb8f18e0c-sock
java_class_path (initial): c:\Users\muhammad.yusuf\.vscode\extensions\redhat.java-1.44.0-win32-x64\server\plugins\org.eclipse.equinox.launcher_1.7.0.v20250519-0528.jar
Launcher Type: SUN_STANDARD

[Global flags]
    uintx AdaptiveSizePolicyWeight                 = 90                                        {product} {command line}
     intx CICompilerCount                          = 4                                         {product} {ergonomic}
    uintx GCTimeRatio                              = 4                                         {product} {command line}
     bool HeapDumpOnOutOfMemoryError               = true                                   {manageable} {command line}
    ccstr HeapDumpPath                             = c:\Users\muhammad.yusuf\AppData\Roaming\Code\User\workspaceStorage\9682c466605ac67ee754cab3908e9ea1\redhat.java         {manageable} {command line}
   size_t InitialHeapSize                          = 104857600                                 {product} {command line}
   size_t MaxHeapSize                              = 2147483648                                {product} {command line}
   size_t MaxNewSize                               = 715653120                                 {product} {ergonomic}
   size_t MinHeapDeltaBytes                        = 524288                                    {product} {ergonomic}
   size_t MinHeapSize                              = 104857600                                 {product} {command line}
   size_t NewSize                                  = 34603008                                  {product} {ergonomic}
    uintx NonNMethodCodeHeapSize                   = 5839372                                {pd product} {ergonomic}
    uintx NonProfiledCodeHeapSize                  = 122909434                              {pd product} {ergonomic}
   size_t OldSize                                  = 70254592                                  {product} {ergonomic}
    uintx ProfiledCodeHeapSize                     = 122909434                              {pd product} {ergonomic}
    uintx ReservedCodeCacheSize                    = 251658240                              {pd product} {ergonomic}
     bool SegmentedCodeCache                       = true                                      {product} {ergonomic}
   size_t SoftMaxHeapSize                          = 2147483648                             {manageable} {ergonomic}
     bool UseCompressedOops                        = true                           {product lp64_product} {ergonomic}
     bool UseLargePagesIndividualAllocation        = false                                  {pd product} {ergonomic}
     bool UseParallelGC                            = true                                      {product} {command line}

Logging:
Log output configuration:
 #0: stdout all=off uptime,level,tags foldmultilines=false
 #1: stderr all=off uptime,level,tags foldmultilines=false

Environment Variables:
JAVA_HOME=C:\Program Files\Java\jdk-23
PATH=C:\Program Files\Common Files\Oracle\Java\javapath;C:\Windows\system32;C:\Windows;C:\Windows\System32\Wbem;C:\Windows\System32\WindowsPowerShell\v1.0\;C:\Windows\System32\OpenSSH\;C:\Program Files\Go\bin;C:\Program Files\Docker\Docker\resources\bin;C:\Program Files\nodejs\;C:\Program Files\Git\cmd;C:\Users\muhammad.yusuf\AppData\Local\Programs\Python\Python311;C:\Users\muhammad.yusuf\AppData\Local\Programs\Python\Python311\Scripts;C:\Users\muhammad.yusuf\AppData\Roaming\Python\Scripts;C:\Program Files\Java\jdk-23\bin;C:\Users\muhammad.yusuf\AppData\Local\Programs;C:\Users\muhammad.yusuf\Scripts;C:\Program Files\dotnet\;C:\Program Files\Java\jdk-23\bin;C:\Program Files\Apache\Maven\apache-maven-3.9.11\bin;C:\Users\muhammad.yusuf\AppData\Local\Android\Sdk\platform-tools;C:\Users\muhammad.yusuf\AppData\Local\Programs\Python\Launcher\;C:\Users\muhammad.yusuf\AppData\Local\Microsoft\WindowsApps;;C:\Users\muhammad.yusuf\AppData\Local\Programs\Microsoft VS Code\bin;C:\Users\muhammad.yusuf\AppData\Roaming\npm;C:\Users\muhammad.yusuf\go\bin;C:\Program Files\JetBrains\IntelliJ IDEA 2025.1.3\bin;
USERNAME=muhammad.yusuf
OS=Windows_NT
PROCESSOR_IDENTIFIER=Intel64 Family 6 Model 140 Stepping 2, GenuineIntel
TMP=C:\Users\MUHAMM~1.YUS\AppData\Local\Temp
TEMP=C:\Users\MUHAMM~1.YUS\AppData\Local\Temp




Periodic native trim disabled

---------------  S Y S T E M  ---------------

OS:
 Windows 11 , 64 bit Build 22621 (10.0.22621.5415)
OS uptime: 0 days 7:42 hours
Hyper-V role detected

CPU: total 8 (initial active 8) (4 cores per cpu, 2 threads per core) family 6 model 140 stepping 2 microcode 0x16, cx8, cmov, fxsr, ht, mmx, 3dnowpref, sse, sse2, sse3, ssse3, sse4.1, sse4.2, popcnt, lzcnt, tsc, tscinvbit, avx, avx2, aes, erms, clmul, bmi1, bmi2, adx, avx512f, avx512dq, avx512cd, avx512bw, avx512vl, sha, fma, vzeroupper, avx512_vpopcntdq, avx512_vpclmulqdq, avx512_vaes, avx512_vnni, clflush, clflushopt, clwb, avx512_vbmi2, avx512_vbmi, hv, rdtscp, rdpid, fsrm, gfni, avx512_bitalg, f16c, cet_ibt, cet_ss, avx512_ifma
Processor Information for the first 8 processors :
  Max Mhz: 2496, Current Mhz: 2496, Mhz Limit: 2496

Memory: 4k page, system-wide physical 16126M (471M free)
TotalPageFile size 27650M (AvailPageFile size 89M)
current process WorkingSet (physical memory assigned to process): 231M, peak: 1272M
current process commit charge ("private bytes"): 1349M, peak: 1350M

vm_info: OpenJDK 64-Bit Server VM (21.0.8+9-LTS) for windows-amd64 JRE (21.0.8+9-LTS), built on 2025-07-15T00:00:00Z by "admin" with MS VC++ 17.7 (VS2022)

END.
